<?xml version="1.0" encoding="UTF-8"?>
<!-- Generated by org.testng.reporters.JUnitXMLReporter -->
<testsuite ignored="0" hostname="LAPTOP-3EB6HL7I" failures="0" tests="3" name="Vici Login Test" time="69.765" errors="0" timestamp="2023-11-17T13:29:36 IST">
  <testcase classname="com.viciemctests.BasicViciTests" name="checkAdminFeatures" time="9.43"/>
  <testcase classname="com.viciemctests.BasicViciTests" name="loginTest_normaluser" time="10.221"/>
  <testcase classname="com.viciemctests.BasicViciTests" name="viciLoginTest_adminuser" time="11.419"/>
</testsuite> <!-- Vici Login Test -->
